<?xml version="1.0" encoding="UTF-8"?>
<testng-results ignored="0" total="1" passed="1" failed="0" skipped="0">
  <reporter-output>
  </reporter-output>
  <suite started-at="2021-11-02T16:56:03 IST" name="Default suite" finished-at="2021-11-02T16:57:07 IST" duration-ms="63916">
    <groups>
    </groups>
    <test started-at="2021-11-02T16:56:03 IST" name="Default test" finished-at="2021-11-02T16:57:07 IST" duration-ms="63916">
      <class name="com.ezl.qa.testcases.VehiclePageTest">
        <test-method is-config="true" signature="setUP()[pri:0, instance:com.ezl.qa.testcases.VehiclePageTest@4d5b6aac]" started-at="2021-11-02T16:56:03 IST" name="setUP" finished-at="2021-11-02T16:56:57 IST" duration-ms="53946" status="PASS">
          <reporter-output>
          </reporter-output>
        </test-method> <!-- setUP -->
        <test-method signature="vehicleFieldsTest()[pri:0, instance:com.ezl.qa.testcases.VehiclePageTest@4d5b6aac]" started-at="2021-11-02T16:56:57 IST" name="vehicleFieldsTest" finished-at="2021-11-02T16:57:07 IST" duration-ms="9928" status="PASS">
          <reporter-output>
          </reporter-output>
        </test-method> <!-- vehicleFieldsTest -->
      </class> <!-- com.ezl.qa.testcases.VehiclePageTest -->
    </test> <!-- Default test -->
  </suite> <!-- Default suite -->
</testng-results>
